Линия 34: Class ComCtl2.UpDown of control UpDown2 was not a loaded control class.
Линия 55: Class ComCtl2.UpDown of control UpDown1 was not a loaded control class.
Линия 124: Class ComCtl2.UpDown of control UpDown2 was not a loaded control class.
Линия 145: Class ComCtl2.UpDown of control UpDown1 was not a loaded control class.
Линия 41: Имя свойства _ExtentX в UpDown2 недопустимо.
Линия 42: Имя свойства _ExtentY в UpDown2 недопустимо.
Линия 43: Имя свойства _Version в UpDown2 недопустимо.
Линия 44: Имя свойства BuddyControl в UpDown2 недопустимо.
Линия 45: Имя свойства BuddyDispid в UpDown2 недопустимо.
Линия 46: Имя свойства OrigLeft в UpDown2 недопустимо.
Линия 47: Имя свойства OrigTop в UpDown2 недопустимо.
Линия 48: Имя свойства OrigRight в UpDown2 недопустимо.
Линия 49: Имя свойства OrigBottom в UpDown2 недопустимо.
Линия 50: Имя свойства Max в UpDown2 недопустимо.
Линия 51: Имя свойства SyncBuddy в UpDown2 недопустимо.
Линия 52: Имя свойства BuddyProperty в UpDown2 недопустимо.
Линия 62: Имя свойства _ExtentX в UpDown1 недопустимо.
Линия 63: Имя свойства _ExtentY в UpDown1 недопустимо.
Линия 64: Имя свойства _Version в UpDown1 недопустимо.
Линия 65: Имя свойства BuddyControl в UpDown1 недопустимо.
Линия 66: Имя свойства BuddyDispid в UpDown1 недопустимо.
Линия 67: Имя свойства OrigLeft в UpDown1 недопустимо.
Линия 68: Имя свойства OrigTop в UpDown1 недопустимо.
Линия 69: Имя свойства OrigRight в UpDown1 недопустимо.
Линия 70: Имя свойства OrigBottom в UpDown1 недопустимо.
Линия 71: Имя свойства Max в UpDown1 недопустимо.
Линия 72: Имя свойства SyncBuddy в UpDown1 недопустимо.
Линия 73: Имя свойства BuddyProperty в UpDown1 недопустимо.
Линия 131: Имя свойства _ExtentX в UpDown2 недопустимо.
Линия 132: Имя свойства _ExtentY в UpDown2 недопустимо.
Линия 133: Имя свойства _Version в UpDown2 недопустимо.
Линия 134: Имя свойства BuddyControl в UpDown2 недопустимо.
Линия 135: Имя свойства BuddyDispid в UpDown2 недопустимо.
Линия 136: Имя свойства OrigLeft в UpDown2 недопустимо.
Линия 137: Имя свойства OrigTop в UpDown2 недопустимо.
Линия 138: Имя свойства OrigRight в UpDown2 недопустимо.
Линия 139: Имя свойства OrigBottom в UpDown2 недопустимо.
Линия 140: Имя свойства Max в UpDown2 недопустимо.
Линия 141: Имя свойства SyncBuddy в UpDown2 недопустимо.
Линия 142: Имя свойства BuddyProperty в UpDown2 недопустимо.
Линия 152: Имя свойства _ExtentX в UpDown1 недопустимо.
Линия 153: Имя свойства _ExtentY в UpDown1 недопустимо.
Линия 154: Имя свойства _Version в UpDown1 недопустимо.
Линия 155: Имя свойства BuddyControl в UpDown1 недопустимо.
Линия 156: Имя свойства BuddyDispid в UpDown1 недопустимо.
Линия 157: Имя свойства OrigLeft в UpDown1 недопустимо.
Линия 158: Имя свойства OrigTop в UpDown1 недопустимо.
Линия 159: Имя свойства OrigRight в UpDown1 недопустимо.
Линия 160: Имя свойства OrigBottom в UpDown1 недопустимо.
Линия 161: Имя свойства Max в UpDown1 недопустимо.
Линия 162: Имя свойства SyncBuddy в UpDown1 недопустимо.
Линия 163: Имя свойства BuddyProperty в UpDown1 недопустимо.
